0 verbose cli D:\node.exe D:\node_modules\npm\bin\npm-cli.js
1 info using npm@10.2.4
2 info using node@v20.11.0
3 timing npm:load:whichnode Completed in 2ms
4 timing config:load:defaults Completed in 1ms
5 timing config:load:file:D:\node_modules\npm\npmrc Completed in 4ms
6 timing config:load:builtin Completed in 4ms
7 timing config:load:cli Completed in 1ms
8 timing config:load:env Completed in 0ms
9 timing config:load:file:D:\Codes\.npmrc Completed in 1ms
10 timing config:load:project Completed in 1ms
11 timing config:load:file:C:\Users\Ashray Gupta\.npmrc Completed in 2ms
12 timing config:load:user Completed in 2ms
13 timing config:load:file:C:\Users\Ashray Gupta\AppData\Roaming\npm\etc\npmrc Completed in 0ms
14 timing config:load:global Completed in 0ms
15 timing config:load:setEnvs Completed in 1ms
16 timing config:load Completed in 11ms
17 timing npm:load:configload Completed in 12ms
18 timing config:load:flatten Completed in 2ms
19 timing npm:load:mkdirpcache Completed in 1ms
20 timing npm:load:mkdirplogs Completed in 0ms
21 verbose title npm init
22 verbose argv "init"
23 timing npm:load:setTitle Completed in 1ms
24 timing npm:load:display Completed in 1ms
25 verbose logfile logs-max:10 dir:D:\Codes\Inequilazitive.github.io\_logs\2024-03-01T09_02_20_326Z-
26 verbose logfile D:\Codes\Inequilazitive.github.io\_logs\2024-03-01T09_02_20_326Z-debug-0.log
27 timing npm:load:logFile Completed in 8ms
28 timing npm:load:timers Completed in 0ms
29 timing npm:load:configScope Completed in 0ms
30 timing npm:load Completed in 49ms
31 silly logfile done cleaning log files
32 http fetch GET 200 https://registry.npmjs.org/npm 262ms (cache miss)
33 warn init canceled
34 timing command:init Completed in 316545ms
35 notice
35 notice New [33mminor[39m version of npm available! [31m10.2.4[39m -> [32m10.5.0[39m
35 notice Changelog: [36mhttps://github.com/npm/cli/releases/tag/v10.5.0[39m
35 notice Run [32mnpm install -g npm@10.5.0[39m to update!
35 notice
36 verbose exit 0
37 timing npm Completed in 317243ms
38 info ok
