0 verbose cli D:\node.exe D:\node_modules\npm\bin\npm-cli.js
1 info using npm@10.2.4
2 info using node@v20.11.0
3 timing npm:load:whichnode Completed in 2ms
4 timing config:load:defaults Completed in 2ms
5 timing config:load:file:D:\node_modules\npm\npmrc Completed in 4ms
6 timing config:load:builtin Completed in 5ms
7 timing config:load:cli Completed in 1ms
8 timing config:load:env Completed in 1ms
9 timing config:load:file:D:\Codes\.npmrc Completed in 0ms
10 timing config:load:project Completed in 2ms
11 timing config:load:file:C:\Users\Ashray Gupta\.npmrc Completed in 2ms
12 timing config:load:user Completed in 2ms
13 timing config:load:file:C:\Users\Ashray Gupta\AppData\Roaming\npm\etc\npmrc Completed in 0ms
14 timing config:load:global Completed in 0ms
15 timing config:load:setEnvs Completed in 1ms
16 timing config:load Completed in 14ms
17 timing npm:load:configload Completed in 14ms
18 timing config:load:flatten Completed in 2ms
19 timing npm:load:mkdirpcache Completed in 1ms
20 timing npm:load:mkdirplogs Completed in 0ms
21 verbose title npm init
22 verbose argv "init" "--yes"
23 timing npm:load:setTitle Completed in 1ms
24 timing npm:load:display Completed in 1ms
25 verbose logfile logs-max:10 dir:D:\Codes\Inequilazitive.github.io\_logs\2024-03-01T09_07_51_886Z-
26 verbose logfile D:\Codes\Inequilazitive.github.io\_logs\2024-03-01T09_07_51_886Z-debug-0.log
27 timing npm:load:logFile Completed in 8ms
28 timing npm:load:timers Completed in 0ms
29 timing npm:load:configScope Completed in 0ms
30 timing npm:load Completed in 53ms
31 silly logfile done cleaning log files
32 silly package data {
32 silly package data   name: 'inequilazitive.github.io',
32 silly package data   version: '1.0.0',
32 silly package data   description: '',
32 silly package data   main: 'index.js',
32 silly package data   scripts: { test: 'echo "Error: no test specified" && exit 1' },
32 silly package data   keywords: [],
32 silly package data   author: '',
32 silly package data   license: 'ISC'
32 silly package data }
33 timing command:init Completed in 35ms
34 verbose exit 0
35 timing npm Completed in 824ms
36 info ok
