0 verbose cli D:\node.exe D:\node_modules\npm\bin\npm-cli.js
1 info using npm@10.2.4
2 info using node@v20.11.0
3 timing npm:load:whichnode Completed in 3ms
4 timing config:load:defaults Completed in 2ms
5 timing config:load:file:D:\node_modules\npm\npmrc Completed in 5ms
6 timing config:load:builtin Completed in 5ms
7 timing config:load:cli Completed in 2ms
8 timing config:load:env Completed in 1ms
9 timing config:load:file:C:\Users\ASHRAY~1\AppData\Local\Temp\exhort_uxDxA5\.npmrc Completed in 0ms
10 timing config:load:project Completed in 1ms
11 timing config:load:file:C:\Users\Ashray Gupta\.npmrc Completed in 3ms
12 timing config:load:user Completed in 3ms
13 timing config:load:file:C:\Users\ASHRAY~1\AppData\Local\Temp\exhort_uxDxA5\etc\npmrc Completed in 1ms
14 timing config:load:global Completed in 1ms
15 timing config:load:setEnvs Completed in 0ms
16 timing config:load Completed in 15ms
17 timing npm:load:configload Completed in 16ms
18 timing config:load:flatten Completed in 2ms
19 timing npm:load:mkdirpcache Completed in 1ms
20 timing npm:load:mkdirplogs Completed in 1ms
21 verbose title npm i
22 verbose argv "i" "--package-lock-only" "--prefix" "C:\\Users\\ASHRAY~1\\AppData\\Local\\Temp\\exhort_uxDxA5"
23 timing npm:load:setTitle Completed in 1ms
24 timing npm:load:display Completed in 0ms
25 verbose logfile logs-max:10 dir:D:\Codes\Inequilazitive.github.io\_logs\2024-03-05T09_25_10_260Z-
26 verbose logfile D:\Codes\Inequilazitive.github.io\_logs\2024-03-05T09_25_10_260Z-debug-0.log
27 timing npm:load:logFile Completed in 12ms
28 timing npm:load:timers Completed in 0ms
29 timing npm:load:configScope Completed in 0ms
30 timing npm:load Completed in 66ms
31 timing arborist:ctor Completed in 1ms
32 silly logfile start cleaning logs, removing 4 files
33 timing arborist:ctor Completed in 0ms
34 silly logfile done cleaning log files
35 timing idealTree:init Completed in 20ms
36 timing idealTree:userRequests Completed in 4ms
37 silly idealTree buildDeps
38 silly fetch manifest express@^4.18.3
39 http fetch GET 200 https://registry.npmjs.org/express 204ms (cache revalidated)
40 silly fetch manifest nodemon@^3.1.0
41 http fetch GET 200 https://registry.npmjs.org/nodemon 154ms (cache revalidated)
42 silly placeDep ROOT express@4.18.3 OK for: inequilazitive.github.io@1.0.0 want: ^4.18.3
43 silly fetch manifest accepts@~1.3.8
44 silly fetch manifest array-flatten@1.1.1
45 silly fetch manifest body-parser@1.20.2
46 silly fetch manifest content-disposition@0.5.4
47 silly fetch manifest content-type@~1.0.4
48 silly fetch manifest cookie@0.5.0
49 silly fetch manifest cookie-signature@1.0.6
50 silly fetch manifest debug@2.6.9
51 silly fetch manifest depd@2.0.0
52 silly fetch manifest encodeurl@~1.0.2
53 silly fetch manifest escape-html@~1.0.3
54 silly fetch manifest etag@~1.8.1
55 silly fetch manifest finalhandler@1.2.0
56 silly fetch manifest fresh@0.5.2
57 silly fetch manifest http-errors@2.0.0
58 silly fetch manifest merge-descriptors@1.0.1
59 silly fetch manifest methods@~1.1.2
60 silly fetch manifest on-finished@2.4.1
61 silly fetch manifest parseurl@~1.3.3
62 silly fetch manifest path-to-regexp@0.1.7
63 silly fetch manifest proxy-addr@~2.0.7
64 silly fetch manifest qs@6.11.0
65 silly fetch manifest range-parser@~1.2.1
66 silly fetch manifest safe-buffer@5.2.1
67 silly fetch manifest send@0.18.0
68 silly fetch manifest serve-static@1.15.0
69 silly fetch manifest setprototypeof@1.2.0
70 silly fetch manifest statuses@2.0.1
71 silly fetch manifest type-is@~1.6.18
72 silly fetch manifest utils-merge@1.0.1
73 silly fetch manifest vary@~1.1.2
74 silly placeDep ROOT inequilazitive.github.io@1.0.0 OK for: inequilazitive.github.io@1.0.0 want: file:d:/Codes/Inequilazitive.github.io
75 silly placeDep ROOT nodemon@3.1.0 OK for: inequilazitive.github.io@1.0.0 want: ^3.1.0
76 silly fetch manifest chokidar@^3.5.2
77 silly fetch manifest debug@^4
78 silly fetch manifest ignore-by-default@^1.0.1
79 silly fetch manifest minimatch@^3.1.2
80 silly fetch manifest pstree.remy@^1.1.8
81 silly fetch manifest semver@^7.5.3
82 silly fetch manifest simple-update-notifier@^2.0.0
83 silly fetch manifest supports-color@^5.5.0
84 silly fetch manifest touch@^3.1.0
85 silly fetch manifest undefsafe@^2.0.5
86 http fetch GET 200 https://registry.npmjs.org/body-parser 299ms (cache revalidated)
87 http fetch GET 200 https://registry.npmjs.org/encodeurl 381ms (cache revalidated)
88 http fetch GET 200 https://registry.npmjs.org/utils-merge 374ms (cache revalidated)
89 http fetch GET 200 https://registry.npmjs.org/finalhandler 384ms (cache revalidated)
90 http fetch GET 200 https://registry.npmjs.org/safe-buffer 382ms (cache revalidated)
91 http fetch GET 200 https://registry.npmjs.org/path-to-regexp 395ms (cache revalidated)
92 http fetch GET 200 https://registry.npmjs.org/merge-descriptors 402ms (cache revalidated)
93 http fetch GET 200 https://registry.npmjs.org/ignore-by-default 395ms (cache revalidated)
94 http fetch GET 200 https://registry.npmjs.org/setprototypeof 400ms (cache revalidated)
95 http fetch GET 200 https://registry.npmjs.org/content-disposition 419ms (cache revalidated)
96 http fetch GET 200 https://registry.npmjs.org/statuses 416ms (cache revalidated)
97 http fetch GET 200 https://registry.npmjs.org/debug 413ms (cache revalidated)
98 http fetch GET 200 https://registry.npmjs.org/debug 427ms (cache revalidated)
99 http fetch GET 200 https://registry.npmjs.org/supports-color 414ms (cache revalidated)
100 http fetch GET 200 https://registry.npmjs.org/accepts 435ms (cache revalidated)
101 http fetch GET 200 https://registry.npmjs.org/array-flatten 449ms (cache revalidated)
102 http fetch GET 200 https://registry.npmjs.org/parseurl 444ms (cache revalidated)
103 http fetch GET 200 https://registry.npmjs.org/proxy-addr 450ms (cache revalidated)
104 http fetch GET 200 https://registry.npmjs.org/type-is 451ms (cache revalidated)
105 http fetch GET 200 https://registry.npmjs.org/qs 455ms (cache revalidated)
106 http fetch GET 200 https://registry.npmjs.org/escape-html 462ms (cache revalidated)
107 http fetch GET 200 https://registry.npmjs.org/http-errors 463ms (cache revalidated)
108 http fetch GET 200 https://registry.npmjs.org/undefsafe 451ms (cache revalidated)
109 http fetch GET 200 https://registry.npmjs.org/minimatch 455ms (cache revalidated)
110 http fetch GET 200 https://registry.npmjs.org/semver 457ms (cache revalidated)
111 http fetch GET 200 https://registry.npmjs.org/simple-update-notifier 459ms (cache revalidated)
112 http fetch GET 200 https://registry.npmjs.org/pstree.remy 476ms (cache revalidated)
113 http fetch GET 200 https://registry.npmjs.org/methods 486ms (cache revalidated)
114 http fetch GET 200 https://registry.npmjs.org/cookie 490ms (cache revalidated)
115 http fetch GET 200 https://registry.npmjs.org/chokidar 481ms (cache revalidated)
116 http fetch GET 200 https://registry.npmjs.org/on-finished 492ms (cache revalidated)
117 http fetch GET 200 https://registry.npmjs.org/content-type 496ms (cache revalidated)
118 http fetch GET 200 https://registry.npmjs.org/etag 497ms (cache revalidated)
119 http fetch GET 200 https://registry.npmjs.org/range-parser 494ms (cache revalidated)
120 http fetch GET 200 https://registry.npmjs.org/send 494ms (cache revalidated)
121 http fetch GET 200 https://registry.npmjs.org/touch 490ms (cache revalidated)
122 http fetch GET 200 https://registry.npmjs.org/vary 497ms (cache revalidated)
123 http fetch GET 200 https://registry.npmjs.org/depd 509ms (cache revalidated)
124 http fetch GET 200 https://registry.npmjs.org/fresh 510ms (cache revalidated)
125 http fetch GET 200 https://registry.npmjs.org/serve-static 512ms (cache revalidated)
126 http fetch GET 200 https://registry.npmjs.org/cookie-signature 1267ms (cache revalidated)
127 timing idealTree:#root Completed in 1647ms
128 silly placeDep ROOT accepts@1.3.8 OK for: express@4.18.3 want: ~1.3.8
129 silly fetch manifest mime-types@~2.1.34
130 silly fetch manifest negotiator@0.6.3
131 silly placeDep ROOT array-flatten@1.1.1 OK for: express@4.18.3 want: 1.1.1
132 silly placeDep ROOT body-parser@1.20.2 OK for: express@4.18.3 want: 1.20.2
133 silly fetch manifest bytes@3.1.2
134 silly fetch manifest content-type@~1.0.5
135 silly fetch manifest destroy@1.2.0
136 silly fetch manifest iconv-lite@0.4.24
137 silly fetch manifest raw-body@2.5.2
138 silly fetch manifest unpipe@1.0.0
139 silly placeDep ROOT content-disposition@0.5.4 OK for: express@4.18.3 want: 0.5.4
140 silly placeDep ROOT content-type@1.0.5 OK for: express@4.18.3 want: ~1.0.4
141 silly placeDep ROOT cookie@0.5.0 OK for: express@4.18.3 want: 0.5.0
142 silly placeDep ROOT cookie-signature@1.0.6 OK for: express@4.18.3 want: 1.0.6
143 silly placeDep ROOT debug@2.6.9 OK for: express@4.18.3 want: 2.6.9
144 silly fetch manifest ms@2.0.0
145 silly placeDep ROOT depd@2.0.0 OK for: express@4.18.3 want: 2.0.0
146 silly placeDep ROOT encodeurl@1.0.2 OK for: express@4.18.3 want: ~1.0.2
147 silly placeDep ROOT escape-html@1.0.3 OK for: express@4.18.3 want: ~1.0.3
148 silly placeDep ROOT etag@1.8.1 OK for: express@4.18.3 want: ~1.8.1
149 silly placeDep ROOT finalhandler@1.2.0 OK for: express@4.18.3 want: 1.2.0
150 silly fetch manifest unpipe@~1.0.0
151 silly placeDep ROOT fresh@0.5.2 OK for: express@4.18.3 want: 0.5.2
152 silly placeDep ROOT http-errors@2.0.0 OK for: express@4.18.3 want: 2.0.0
153 silly fetch manifest inherits@2.0.4
154 silly fetch manifest toidentifier@1.0.1
155 silly placeDep ROOT merge-descriptors@1.0.1 OK for: express@4.18.3 want: 1.0.1
156 silly placeDep ROOT methods@1.1.2 OK for: express@4.18.3 want: ~1.1.2
157 silly placeDep ROOT on-finished@2.4.1 OK for: express@4.18.3 want: 2.4.1
158 silly fetch manifest ee-first@1.1.1
159 silly placeDep ROOT parseurl@1.3.3 OK for: express@4.18.3 want: ~1.3.3
160 silly placeDep ROOT path-to-regexp@0.1.7 OK for: express@4.18.3 want: 0.1.7
161 silly placeDep ROOT proxy-addr@2.0.7 OK for: express@4.18.3 want: ~2.0.7
162 silly fetch manifest forwarded@0.2.0
163 silly fetch manifest ipaddr.js@1.9.1
164 silly placeDep ROOT qs@6.11.0 OK for: express@4.18.3 want: 6.11.0
165 silly fetch manifest side-channel@^1.0.4
166 silly placeDep ROOT range-parser@1.2.1 OK for: express@4.18.3 want: ~1.2.1
167 silly placeDep ROOT safe-buffer@5.2.1 OK for: express@4.18.3 want: 5.2.1
168 silly placeDep ROOT send@0.18.0 OK for: express@4.18.3 want: 0.18.0
169 silly fetch manifest mime@1.6.0
170 silly fetch manifest ms@2.1.3
171 silly placeDep ROOT serve-static@1.15.0 OK for: express@4.18.3 want: 1.15.0
172 silly placeDep ROOT setprototypeof@1.2.0 OK for: express@4.18.3 want: 1.2.0
173 silly placeDep ROOT statuses@2.0.1 OK for: express@4.18.3 want: 2.0.1
174 silly placeDep ROOT type-is@1.6.18 OK for: express@4.18.3 want: ~1.6.18
175 silly fetch manifest media-typer@0.3.0
176 silly fetch manifest mime-types@~2.1.24
177 silly placeDep ROOT utils-merge@1.0.1 OK for: express@4.18.3 want: 1.0.1
178 silly placeDep ROOT vary@1.1.2 OK for: express@4.18.3 want: ~1.1.2
179 http fetch GET 200 https://registry.npmjs.org/toidentifier 142ms (cache revalidated)
180 http fetch GET 200 https://registry.npmjs.org/raw-body 168ms (cache revalidated)
181 http fetch GET 200 https://registry.npmjs.org/bytes 178ms (cache revalidated)
182 http fetch GET 200 https://registry.npmjs.org/unpipe 175ms (cache revalidated)
183 http fetch GET 200 https://registry.npmjs.org/ms 173ms (cache revalidated)
184 http fetch GET 200 https://registry.npmjs.org/mime-types 186ms (cache revalidated)
185 http fetch GET 200 https://registry.npmjs.org/iconv-lite 191ms (cache revalidated)
186 http fetch GET 200 https://registry.npmjs.org/ee-first 175ms (cache revalidated)
187 http fetch GET 200 https://registry.npmjs.org/forwarded 174ms (cache revalidated)
188 http fetch GET 200 https://registry.npmjs.org/ms 179ms (cache revalidated)
189 http fetch GET 200 https://registry.npmjs.org/unpipe 196ms (cache revalidated)
190 http fetch GET 200 https://registry.npmjs.org/side-channel 192ms (cache revalidated)
191 http fetch GET 200 https://registry.npmjs.org/mime 191ms (cache revalidated)
192 http fetch GET 200 https://registry.npmjs.org/destroy 217ms (cache revalidated)
193 http fetch GET 200 https://registry.npmjs.org/mime-types 192ms (cache revalidated)
194 http fetch GET 200 https://registry.npmjs.org/inherits 206ms (cache revalidated)
195 http fetch GET 200 https://registry.npmjs.org/negotiator 232ms (cache revalidated)
196 http fetch GET 200 https://registry.npmjs.org/ipaddr.js 247ms (cache revalidated)
197 http fetch GET 200 https://registry.npmjs.org/media-typer 241ms (cache revalidated)
198 timing idealTree:node_modules/express Completed in 283ms
199 silly placeDep ROOT mime-types@2.1.35 OK for: accepts@1.3.8 want: ~2.1.34
200 silly fetch manifest mime-db@1.52.0
201 silly placeDep ROOT negotiator@0.6.3 OK for: accepts@1.3.8 want: 0.6.3
202 http fetch GET 200 https://registry.npmjs.org/mime-db 92ms (cache revalidated)
203 timing idealTree:node_modules/accepts Completed in 94ms
204 timing idealTree:node_modules/array-flatten Completed in 0ms
205 silly placeDep ROOT bytes@3.1.2 OK for: body-parser@1.20.2 want: 3.1.2
206 silly placeDep ROOT destroy@1.2.0 OK for: body-parser@1.20.2 want: 1.2.0
207 silly placeDep ROOT iconv-lite@0.4.24 OK for: body-parser@1.20.2 want: 0.4.24
208 silly fetch manifest safer-buffer@>= 2.1.2 < 3
209 silly placeDep ROOT raw-body@2.5.2 OK for: body-parser@1.20.2 want: 2.5.2
210 silly placeDep ROOT unpipe@1.0.0 OK for: body-parser@1.20.2 want: 1.0.0
211 http fetch GET 200 https://registry.npmjs.org/safer-buffer 95ms (cache revalidated)
212 timing idealTree:node_modules/body-parser Completed in 98ms
213 timing idealTree:node_modules/bytes Completed in 0ms
214 timing idealTree:node_modules/content-disposition Completed in 0ms
215 timing idealTree:node_modules/content-type Completed in 0ms
216 timing idealTree:node_modules/cookie Completed in 0ms
217 timing idealTree:node_modules/cookie-signature Completed in 0ms
218 silly placeDep ROOT ms@2.0.0 OK for: debug@2.6.9 want: 2.0.0
219 timing idealTree:node_modules/debug Completed in 1ms
220 timing idealTree:node_modules/depd Completed in 0ms
221 timing idealTree:node_modules/destroy Completed in 0ms
222 timing idealTree:node_modules/encodeurl Completed in 1ms
223 timing idealTree:node_modules/escape-html Completed in 0ms
224 timing idealTree:node_modules/etag Completed in 0ms
225 timing idealTree:node_modules/finalhandler Completed in 0ms
226 timing idealTree:node_modules/fresh Completed in 0ms
227 silly placeDep ROOT inherits@2.0.4 OK for: http-errors@2.0.0 want: 2.0.4
228 silly placeDep ROOT toidentifier@1.0.1 OK for: http-errors@2.0.0 want: 1.0.1
229 timing idealTree:node_modules/http-errors Completed in 1ms
230 silly placeDep ROOT safer-buffer@2.1.2 OK for: iconv-lite@0.4.24 want: >= 2.1.2 < 3
231 timing idealTree:node_modules/iconv-lite Completed in 0ms
232 timing idealTree:node_modules/inequilazitive.github.io Completed in 1ms
233 timing idealTree:node_modules/inherits Completed in 0ms
234 timing idealTree:node_modules/merge-descriptors Completed in 0ms
235 timing idealTree:node_modules/methods Completed in 0ms
236 silly placeDep ROOT mime-db@1.52.0 OK for: mime-types@2.1.35 want: 1.52.0
237 timing idealTree:node_modules/mime-types Completed in 0ms
238 timing idealTree:node_modules/mime-db Completed in 0ms
239 timing idealTree:node_modules/ms Completed in 0ms
240 timing idealTree:node_modules/negotiator Completed in 0ms
241 silly placeDep ROOT chokidar@3.6.0 OK for: nodemon@3.1.0 want: ^3.5.2
242 silly fetch manifest anymatch@~3.1.2
243 silly fetch manifest braces@~3.0.2
244 silly fetch manifest glob-parent@~5.1.2
245 silly fetch manifest is-binary-path@~2.1.0
246 silly fetch manifest is-glob@~4.0.1
247 silly fetch manifest normalize-path@~3.0.0
248 silly fetch manifest readdirp@~3.6.0
249 silly fetch manifest fsevents@~2.3.2
250 silly placeDep node_modules/nodemon debug@4.3.4 OK for: nodemon@3.1.0 want: ^4
251 silly fetch manifest ms@2.1.2
252 silly placeDep ROOT ignore-by-default@1.0.1 OK for: nodemon@3.1.0 want: ^1.0.1
253 silly placeDep ROOT minimatch@3.1.2 OK for: nodemon@3.1.0 want: ^3.1.2
254 silly fetch manifest brace-expansion@^1.1.7
255 silly placeDep ROOT pstree.remy@1.1.8 OK for: nodemon@3.1.0 want: ^1.1.8
256 silly placeDep ROOT semver@7.6.0 OK for: nodemon@3.1.0 want: ^7.5.3
257 silly fetch manifest lru-cache@^6.0.0
258 silly placeDep ROOT simple-update-notifier@2.0.0 OK for: nodemon@3.1.0 want: ^2.0.0
259 silly placeDep ROOT supports-color@5.5.0 OK for: nodemon@3.1.0 want: ^5.5.0
260 silly fetch manifest has-flag@^3.0.0
261 silly placeDep ROOT touch@3.1.0 OK for: nodemon@3.1.0 want: ^3.1.0
262 silly fetch manifest nopt@~1.0.10
263 silly placeDep ROOT undefsafe@2.0.5 OK for: nodemon@3.1.0 want: ^2.0.5
264 http fetch GET 200 https://registry.npmjs.org/fsevents 133ms (cache revalidated)
265 http fetch GET 200 https://registry.npmjs.org/glob-parent 138ms (cache revalidated)
266 http fetch GET 200 https://registry.npmjs.org/brace-expansion 135ms (cache revalidated)
267 http fetch GET 200 https://registry.npmjs.org/anymatch 152ms (cache revalidated)
268 http fetch GET 200 https://registry.npmjs.org/is-binary-path 153ms (cache revalidated)
269 http fetch GET 200 https://registry.npmjs.org/braces 163ms (cache revalidated)
270 http fetch GET 200 https://registry.npmjs.org/readdirp 162ms (cache revalidated)
271 http fetch GET 200 https://registry.npmjs.org/normalize-path 166ms (cache revalidated)
272 http fetch GET 200 https://registry.npmjs.org/is-glob 167ms (cache revalidated)
273 http fetch GET 200 https://registry.npmjs.org/nopt 166ms (cache revalidated)
274 http fetch GET 200 https://registry.npmjs.org/lru-cache 176ms (cache revalidated)
275 http fetch GET 200 https://registry.npmjs.org/has-flag 182ms (cache revalidated)
276 timing idealTree:node_modules/nodemon Completed in 197ms
277 silly placeDep ROOT anymatch@3.1.3 OK for: chokidar@3.6.0 want: ~3.1.2
278 silly fetch manifest normalize-path@^3.0.0
279 silly fetch manifest picomatch@^2.0.4
280 silly placeDep ROOT braces@3.0.2 OK for: chokidar@3.6.0 want: ~3.0.2
281 silly fetch manifest fill-range@^7.0.1
282 silly placeDep ROOT fsevents@2.3.3 OK for: chokidar@3.6.0 want: ~2.3.2
283 silly placeDep ROOT glob-parent@5.1.2 OK for: chokidar@3.6.0 want: ~5.1.2
284 silly fetch manifest is-glob@^4.0.1
285 silly placeDep ROOT is-binary-path@2.1.0 OK for: chokidar@3.6.0 want: ~2.1.0
286 silly fetch manifest binary-extensions@^2.0.0
287 silly placeDep ROOT is-glob@4.0.3 OK for: chokidar@3.6.0 want: ~4.0.1
288 silly fetch manifest is-extglob@^2.1.1
289 silly placeDep ROOT normalize-path@3.0.0 OK for: chokidar@3.6.0 want: ~3.0.0
290 silly placeDep ROOT readdirp@3.6.0 OK for: chokidar@3.6.0 want: ~3.6.0
291 silly fetch manifest picomatch@^2.2.1
292 http fetch GET 200 https://registry.npmjs.org/is-extglob 81ms (cache revalidated)
293 http fetch GET 200 https://registry.npmjs.org/picomatch 110ms (cache revalidated)
294 http fetch GET 200 https://registry.npmjs.org/binary-extensions 109ms (cache revalidated)
295 http fetch GET 200 https://registry.npmjs.org/fill-range 112ms (cache revalidated)
296 http fetch GET 200 https://registry.npmjs.org/picomatch 109ms (cache revalidated)
297 timing idealTree:node_modules/chokidar Completed in 118ms
298 silly placeDep ROOT picomatch@2.3.1 OK for: anymatch@3.1.3 want: ^2.0.4
299 timing idealTree:node_modules/anymatch Completed in 1ms
300 silly placeDep ROOT fill-range@7.0.1 OK for: braces@3.0.2 want: ^7.0.1
301 silly fetch manifest to-regex-range@^5.0.1
302 http fetch GET 200 https://registry.npmjs.org/to-regex-range 90ms (cache revalidated)
303 timing idealTree:node_modules/braces Completed in 92ms
304 silly placeDep ROOT to-regex-range@5.0.1 OK for: fill-range@7.0.1 want: ^5.0.1
305 silly fetch manifest is-number@^7.0.0
306 http fetch GET 200 https://registry.npmjs.org/is-number 91ms (cache revalidated)
307 timing idealTree:node_modules/fill-range Completed in 93ms
308 timing idealTree:node_modules/fsevents Completed in 0ms
309 timing idealTree:node_modules/glob-parent Completed in 0ms
310 timing idealTree:node_modules/ignore-by-default Completed in 0ms
311 silly placeDep ROOT binary-extensions@2.2.0 OK for: is-binary-path@2.1.0 want: ^2.0.0
312 timing idealTree:node_modules/is-binary-path Completed in 1ms
313 timing idealTree:node_modules/binary-extensions Completed in 0ms
314 silly placeDep ROOT is-extglob@2.1.1 OK for: is-glob@4.0.3 want: ^2.1.1
315 timing idealTree:node_modules/is-glob Completed in 0ms
316 timing idealTree:node_modules/is-extglob Completed in 0ms
317 silly placeDep ROOT brace-expansion@1.1.11 OK for: minimatch@3.1.2 want: ^1.1.7
318 silly fetch manifest balanced-match@^1.0.0
319 silly fetch manifest concat-map@0.0.1
320 http fetch GET 200 https://registry.npmjs.org/concat-map 97ms (cache revalidated)
321 http fetch GET 200 https://registry.npmjs.org/balanced-match 102ms (cache revalidated)
322 timing idealTree:node_modules/minimatch Completed in 103ms
323 silly placeDep ROOT balanced-match@1.0.2 OK for: brace-expansion@1.1.11 want: ^1.0.0
324 silly placeDep ROOT concat-map@0.0.1 OK for: brace-expansion@1.1.11 want: 0.0.1
325 timing idealTree:node_modules/brace-expansion Completed in 1ms
326 timing idealTree:node_modules/balanced-match Completed in 0ms
327 timing idealTree:node_modules/concat-map Completed in 0ms
328 timing idealTree:node_modules/normalize-path Completed in 0ms
329 silly placeDep ROOT ee-first@1.1.1 OK for: on-finished@2.4.1 want: 1.1.1
330 timing idealTree:node_modules/on-finished Completed in 1ms
331 timing idealTree:node_modules/ee-first Completed in 0ms
332 timing idealTree:node_modules/parseurl Completed in 0ms
333 timing idealTree:node_modules/path-to-regexp Completed in 0ms
334 timing idealTree:node_modules/picomatch Completed in 0ms
335 silly placeDep ROOT forwarded@0.2.0 OK for: proxy-addr@2.0.7 want: 0.2.0
336 silly placeDep ROOT ipaddr.js@1.9.1 OK for: proxy-addr@2.0.7 want: 1.9.1
337 timing idealTree:node_modules/proxy-addr Completed in 1ms
338 timing idealTree:node_modules/forwarded Completed in 0ms
339 timing idealTree:node_modules/ipaddr.js Completed in 0ms
340 timing idealTree:node_modules/pstree.remy Completed in 0ms
341 silly placeDep ROOT side-channel@1.0.6 OK for: qs@6.11.0 want: ^1.0.4
342 silly fetch manifest call-bind@^1.0.7
343 silly fetch manifest es-errors@^1.3.0
344 silly fetch manifest get-intrinsic@^1.2.4
345 silly fetch manifest object-inspect@^1.13.1
346 http fetch GET 200 https://registry.npmjs.org/es-errors 85ms (cache revalidated)
347 http fetch GET 200 https://registry.npmjs.org/call-bind 86ms (cache revalidated)
348 http fetch GET 200 https://registry.npmjs.org/object-inspect 87ms (cache revalidated)
349 http fetch GET 200 https://registry.npmjs.org/get-intrinsic 102ms (cache revalidated)
350 timing idealTree:node_modules/qs Completed in 104ms
351 timing idealTree:node_modules/range-parser Completed in 0ms
352 timing idealTree:node_modules/raw-body Completed in 0ms
353 timing idealTree:node_modules/readdirp Completed in 0ms
354 timing idealTree:node_modules/safe-buffer Completed in 0ms
355 timing idealTree:node_modules/safer-buffer Completed in 0ms
356 silly placeDep ROOT lru-cache@6.0.0 OK for: semver@7.6.0 want: ^6.0.0
357 silly fetch manifest yallist@^4.0.0
358 http fetch GET 200 https://registry.npmjs.org/yallist 51ms (cache revalidated)
359 timing idealTree:node_modules/semver Completed in 53ms
360 silly placeDep ROOT yallist@4.0.0 OK for: lru-cache@6.0.0 want: ^4.0.0
361 timing idealTree:node_modules/lru-cache Completed in 1ms
362 silly placeDep ROOT mime@1.6.0 OK for: send@0.18.0 want: 1.6.0
363 silly placeDep node_modules/send ms@2.1.3 OK for: send@0.18.0 want: 2.1.3
364 timing idealTree:node_modules/send Completed in 2ms
365 timing idealTree:node_modules/mime Completed in 0ms
366 timing idealTree:node_modules/serve-static Completed in 0ms
367 timing idealTree:node_modules/setprototypeof Completed in 0ms
368 silly placeDep ROOT call-bind@1.0.7 OK for: side-channel@1.0.6 want: ^1.0.7
369 silly fetch manifest es-define-property@^1.0.0
370 silly fetch manifest function-bind@^1.1.2
371 silly fetch manifest set-function-length@^1.2.1
372 silly placeDep ROOT es-errors@1.3.0 OK for: side-channel@1.0.6 want: ^1.3.0
373 silly placeDep ROOT get-intrinsic@1.2.4 OK for: side-channel@1.0.6 want: ^1.2.4
374 silly fetch manifest has-proto@^1.0.1
375 silly fetch manifest has-symbols@^1.0.3
376 silly fetch manifest hasown@^2.0.0
377 silly placeDep ROOT object-inspect@1.13.1 OK for: side-channel@1.0.6 want: ^1.13.1
378 http fetch GET 200 https://registry.npmjs.org/es-define-property 69ms (cache revalidated)
379 http fetch GET 200 https://registry.npmjs.org/function-bind 82ms (cache revalidated)
380 http fetch GET 200 https://registry.npmjs.org/has-proto 85ms (cache revalidated)
381 http fetch GET 200 https://registry.npmjs.org/hasown 95ms (cache revalidated)
382 http fetch GET 200 https://registry.npmjs.org/has-symbols 102ms (cache revalidated)
383 http fetch GET 200 https://registry.npmjs.org/set-function-length 124ms (cache revalidated)
384 timing idealTree:node_modules/side-channel Completed in 127ms
385 silly placeDep ROOT es-define-property@1.0.0 OK for: call-bind@1.0.7 want: ^1.0.0
386 silly placeDep ROOT function-bind@1.1.2 OK for: call-bind@1.0.7 want: ^1.1.2
387 silly placeDep ROOT set-function-length@1.2.1 OK for: call-bind@1.0.7 want: ^1.2.1
388 silly fetch manifest define-data-property@^1.1.2
389 silly fetch manifest gopd@^1.0.1
390 silly fetch manifest has-property-descriptors@^1.0.1
391 http fetch GET 200 https://registry.npmjs.org/has-property-descriptors 66ms (cache revalidated)
392 http fetch GET 200 https://registry.npmjs.org/define-data-property 90ms (cache revalidated)
393 http fetch GET 200 https://registry.npmjs.org/gopd 107ms (cache revalidated)
394 timing idealTree:node_modules/call-bind Completed in 111ms
395 timing idealTree:node_modules/es-define-property Completed in 0ms
396 timing idealTree:node_modules/es-errors Completed in 0ms
397 timing idealTree:node_modules/function-bind Completed in 0ms
398 silly placeDep ROOT has-proto@1.0.3 OK for: get-intrinsic@1.2.4 want: ^1.0.1
399 silly placeDep ROOT has-symbols@1.0.3 OK for: get-intrinsic@1.2.4 want: ^1.0.3
400 silly placeDep ROOT hasown@2.0.1 OK for: get-intrinsic@1.2.4 want: ^2.0.0
401 timing idealTree:node_modules/get-intrinsic Completed in 2ms
402 timing idealTree:node_modules/has-proto Completed in 0ms
403 timing idealTree:node_modules/has-symbols Completed in 0ms
404 timing idealTree:node_modules/hasown Completed in 0ms
405 timing idealTree:node_modules/object-inspect Completed in 0ms
406 silly placeDep ROOT define-data-property@1.1.4 OK for: set-function-length@1.2.1 want: ^1.1.2
407 silly placeDep ROOT gopd@1.0.1 OK for: set-function-length@1.2.1 want: ^1.0.1
408 silly placeDep ROOT has-property-descriptors@1.0.2 OK for: set-function-length@1.2.1 want: ^1.0.1
409 timing idealTree:node_modules/set-function-length Completed in 2ms
410 timing idealTree:node_modules/define-data-property Completed in 0ms
411 timing idealTree:node_modules/gopd Completed in 0ms
412 timing idealTree:node_modules/has-property-descriptors Completed in 0ms
413 timing idealTree:node_modules/simple-update-notifier Completed in 0ms
414 timing idealTree:node_modules/statuses Completed in 0ms
415 silly placeDep ROOT has-flag@3.0.0 OK for: supports-color@5.5.0 want: ^3.0.0
416 timing idealTree:node_modules/supports-color Completed in 1ms
417 timing idealTree:node_modules/has-flag Completed in 0ms
418 silly placeDep ROOT is-number@7.0.0 OK for: to-regex-range@5.0.1 want: ^7.0.0
419 timing idealTree:node_modules/to-regex-range Completed in 1ms
420 timing idealTree:node_modules/is-number Completed in 0ms
421 timing idealTree:node_modules/toidentifier Completed in 0ms
422 silly placeDep ROOT nopt@1.0.10 OK for: touch@3.1.0 want: ~1.0.10
423 silly fetch manifest abbrev@1
424 http fetch GET 200 https://registry.npmjs.org/abbrev 110ms (cache revalidated)
425 timing idealTree:node_modules/touch Completed in 111ms
426 silly placeDep ROOT abbrev@1.1.1 OK for: nopt@1.0.10 want: 1
427 timing idealTree:node_modules/nopt Completed in 1ms
428 timing idealTree:node_modules/abbrev Completed in 0ms
429 silly placeDep ROOT media-typer@0.3.0 OK for: type-is@1.6.18 want: 0.3.0
430 timing idealTree:node_modules/type-is Completed in 1ms
431 timing idealTree:node_modules/media-typer Completed in 0ms
432 timing idealTree:node_modules/undefsafe Completed in 0ms
433 timing idealTree:node_modules/unpipe Completed in 0ms
434 timing idealTree:node_modules/utils-merge Completed in 0ms
435 timing idealTree:node_modules/vary Completed in 0ms
436 timing idealTree:node_modules/yallist Completed in 0ms
437 silly placeDep node_modules/nodemon ms@2.1.2 OK for: debug@4.3.4 want: 2.1.2
438 timing idealTree:node_modules/nodemon/node_modules/debug Completed in 1ms
439 timing idealTree:node_modules/nodemon/node_modules/ms Completed in 0ms
440 timing idealTree:node_modules/send/node_modules/ms Completed in 0ms
441 timing idealTree:buildDeps Completed in 3256ms
442 timing idealTree:fixDepFlags Completed in 1ms
443 timing idealTree Completed in 3284ms
444 timing reify:loadTrees Completed in 3284ms
445 silly audit bulk request {
445 silly audit   'inequilazitive.github.io': [ '1.0.0' ],
445 silly audit   express: [ '4.18.3' ],
445 silly audit   nodemon: [ '3.1.0' ],
445 silly audit   accepts: [ '1.3.8' ],
445 silly audit   'array-flatten': [ '1.1.1' ],
445 silly audit   'body-parser': [ '1.20.2' ],
445 silly audit   'content-disposition': [ '0.5.4' ],
445 silly audit   'content-type': [ '1.0.5' ],
445 silly audit   cookie: [ '0.5.0' ],
445 silly audit   'cookie-signature': [ '1.0.6' ],
445 silly audit   debug: [ '2.6.9', '4.3.4' ],
445 silly audit   depd: [ '2.0.0' ],
445 silly audit   encodeurl: [ '1.0.2' ],
445 silly audit   'escape-html': [ '1.0.3' ],
445 silly audit   etag: [ '1.8.1' ],
445 silly audit   finalhandler: [ '1.2.0' ],
445 silly audit   fresh: [ '0.5.2' ],
445 silly audit   'http-errors': [ '2.0.0' ],
445 silly audit   'merge-descriptors': [ '1.0.1' ],
445 silly audit   methods: [ '1.1.2' ],
445 silly audit   'on-finished': [ '2.4.1' ],
445 silly audit   parseurl: [ '1.3.3' ],
445 silly audit   'path-to-regexp': [ '0.1.7' ],
445 silly audit   'proxy-addr': [ '2.0.7' ],
445 silly audit   qs: [ '6.11.0' ],
445 silly audit   'range-parser': [ '1.2.1' ],
445 silly audit   'safe-buffer': [ '5.2.1' ],
445 silly audit   send: [ '0.18.0' ],
445 silly audit   'serve-static': [ '1.15.0' ],
445 silly audit   setprototypeof: [ '1.2.0' ],
445 silly audit   statuses: [ '2.0.1' ],
445 silly audit   'type-is': [ '1.6.18' ],
445 silly audit   'utils-merge': [ '1.0.1' ],
445 silly audit   vary: [ '1.1.2' ],
445 silly audit   'mime-types': [ '2.1.35' ],
445 silly audit   negotiator: [ '0.6.3' ],
445 silly audit   bytes: [ '3.1.2' ],
445 silly audit   destroy: [ '1.2.0' ],
445 silly audit   'iconv-lite': [ '0.4.24' ],
445 silly audit   'raw-body': [ '2.5.2' ],
445 silly audit   unpipe: [ '1.0.0' ],
445 silly audit   ms: [ '2.0.0', '2.1.3', '2.1.2' ],
445 silly audit   inherits: [ '2.0.4' ],
445 silly audit   toidentifier: [ '1.0.1' ],
445 silly audit   'safer-buffer': [ '2.1.2' ],
445 silly audit   'mime-db': [ '1.52.0' ],
445 silly audit   chokidar: [ '3.6.0' ],
445 silly audit   'ignore-by-default': [ '1.0.1' ],
445 silly audit   minimatch: [ '3.1.2' ],
445 silly audit   'pstree.remy': [ '1.1.8' ],
445 silly audit   semver: [ '7.6.0' ],
445 silly audit   'simple-update-notifier': [ '2.0.0' ],
445 silly audit   'supports-color': [ '5.5.0' ],
445 silly audit   touch: [ '3.1.0' ],
445 silly audit   undefsafe: [ '2.0.5' ],
445 silly audit   anymatch: [ '3.1.3' ],
445 silly audit   braces: [ '3.0.2' ],
445 silly audit   fsevents: [ '2.3.3' ],
445 silly audit   'glob-parent': [ '5.1.2' ],
445 silly audit   'is-binary-path': [ '2.1.0' ],
445 silly audit   'is-glob': [ '4.0.3' ],
445 silly audit   'normalize-path': [ '3.0.0' ],
445 silly audit   readdirp: [ '3.6.0' ],
445 silly audit   picomatch: [ '2.3.1' ],
445 silly audit   'fill-range': [ '7.0.1' ],
445 silly audit   'to-regex-range': [ '5.0.1' ],
445 silly audit   'binary-extensions': [ '2.2.0' ],
445 silly audit   'is-extglob': [ '2.1.1' ],
445 silly audit   'brace-expansion': [ '1.1.11' ],
445 silly audit   'balanced-match': [ '1.0.2' ],
445 silly audit   'concat-map': [ '0.0.1' ],
445 silly audit   'ee-first': [ '1.1.1' ],
445 silly audit   forwarded: [ '0.2.0' ],
445 silly audit   'ipaddr.js': [ '1.9.1' ],
445 silly audit   'side-channel': [ '1.0.6' ],
445 silly audit   'lru-cache': [ '6.0.0' ],
445 silly audit   yallist: [ '4.0.0' ],
445 silly audit   mime: [ '1.6.0' ],
445 silly audit   'call-bind': [ '1.0.7' ],
445 silly audit   'es-errors': [ '1.3.0' ],
445 silly audit   'get-intrinsic': [ '1.2.4' ],
445 silly audit   'object-inspect': [ '1.13.1' ],
445 silly audit   'es-define-property': [ '1.0.0' ],
445 silly audit   'function-bind': [ '1.1.2' ],
445 silly audit   'set-function-length': [ '1.2.1' ],
445 silly audit   'has-proto': [ '1.0.3' ],
445 silly audit   'has-symbols': [ '1.0.3' ],
445 silly audit   hasown: [ '2.0.1' ],
445 silly audit   'define-data-property': [ '1.1.4' ],
445 silly audit   gopd: [ '1.0.1' ],
445 silly audit   'has-property-descriptors': [ '1.0.2' ],
445 silly audit   'has-flag': [ '3.0.0' ],
445 silly audit   'is-number': [ '7.0.0' ],
445 silly audit   nopt: [ '1.0.10' ],
445 silly audit   abbrev: [ '1.1.1' ],
445 silly audit   'media-typer': [ '0.3.0' ]
445 silly audit }
446 timing reify:save Completed in 31ms
447 http fetch POST 200 https://registry.npmjs.org/-/npm/v1/security/advisories/bulk 281ms
448 timing auditReport:getReport Completed in 285ms
449 silly audit report {}
450 timing auditReport:init Completed in 0ms
451 timing reify:audit Completed in 286ms
452 timing reify Completed in 3570ms
453 timing command:i Completed in 3575ms
454 verbose exit 0
455 timing npm Completed in 4464ms
456 info ok
