0 verbose cli D:\node.exe D:\node_modules\npm\bin\npm-cli.js
1 info using npm@10.2.4
2 info using node@v20.11.0
3 timing npm:load:whichnode Completed in 2ms
4 timing config:load:defaults Completed in 1ms
5 timing config:load:file:D:\node_modules\npm\npmrc Completed in 4ms
6 timing config:load:builtin Completed in 4ms
7 timing config:load:cli Completed in 2ms
8 timing config:load:env Completed in 0ms
9 timing config:load:file:D:\Codes\.npmrc Completed in 1ms
10 timing config:load:project Completed in 2ms
11 timing config:load:file:C:\Users\Ashray Gupta\.npmrc Completed in 2ms
12 timing config:load:user Completed in 2ms
13 timing config:load:file:C:\Users\Ashray Gupta\AppData\Roaming\npm\etc\npmrc Completed in 0ms
14 timing config:load:global Completed in 1ms
15 timing config:load:setEnvs Completed in 0ms
16 timing config:load Completed in 12ms
17 timing npm:load:configload Completed in 12ms
18 timing config:load:flatten Completed in 2ms
19 timing npm:load:mkdirpcache Completed in 1ms
20 timing npm:load:mkdirplogs Completed in 0ms
21 verbose title npm run dev
22 verbose argv "run" "dev"
23 timing npm:load:setTitle Completed in 0ms
24 timing npm:load:display Completed in 1ms
25 verbose logfile logs-max:10 dir:D:\Codes\Inequilazitive.github.io\_logs\2024-03-01T08_58_48_777Z-
26 verbose logfile D:\Codes\Inequilazitive.github.io\_logs\2024-03-01T08_58_48_777Z-debug-0.log
27 timing npm:load:logFile Completed in 8ms
28 timing npm:load:timers Completed in 0ms
29 timing npm:load:configScope Completed in 1ms
30 timing npm:load Completed in 55ms
31 silly logfile done cleaning log files
32 timing command:run Completed in 395ms
33 verbose stack Error: Missing script: "dev"
33 verbose stack
33 verbose stack To see a list of scripts, run:
33 verbose stack   npm run
33 verbose stack     at RunScript.run (D:\node_modules\npm\lib\commands\run-script.js:94:13)
33 verbose stack     at async module.exports (D:\node_modules\npm\lib\cli-entry.js:61:5)
34 verbose cwd D:\Codes\Inequilazitive.github.io
35 verbose Windows_NT 10.0.19045
36 verbose node v20.11.0
37 verbose npm  v10.2.4
38 error Missing script: "dev"
38 error
38 error To see a list of scripts, run:
38 error   npm run
39 verbose exit 1
40 timing npm Completed in 621ms
41 verbose code 1
42 error A complete log of this run can be found in: D:\Codes\Inequilazitive.github.io\_logs\2024-03-01T08_58_48_777Z-debug-0.log
